<?xml version="1.0" encoding="UTF-8"?>
<testng-results skipped="0" failed="0" total="0" passed="0">
  <reporter-output>
  </reporter-output>
  <suite name="com.bdd.automation.framework.it.AppTest" duration-ms="4" started-at="2020-05-24T16:16:36Z" finished-at="2020-05-24T16:16:36Z">
    <groups>
    </groups>
    <test name="Command line test" duration-ms="4" started-at="2020-05-24T16:16:36Z" finished-at="2020-05-24T16:16:36Z">
    </test> <!-- Command line test -->
  </suite> <!-- com.bdd.automation.framework.it.AppTest -->
</testng-results>
